[2022-01-14 00:25:59] local.ERROR: ErrorException: file_get_contents(): php_network_getaddresses: getaddrinfo failed: Name or service not known in /xiaosong/www/KeTi5/app/Console/Kernel.php:119
Stack trace:
#0 [internal function]: Illuminate\Foundation\Bootstrap\HandleExceptions->handleError(2, 'file_get_conten...', '/xiaosong/www/K...', 119, Array)
#1 /xiaosong/www/KeTi5/app/Console/Kernel.php(119): file_get_contents('https://ezviz-f...')
#2 [internal function]: App\Console\Kernel->App\Console\{closure}()
#3 /xiaosong/www/KeTi5/vendor/laravel/framework/src/Illuminate/Container/BoundMethod.php(29): call_user_func_array(Object(Closure), Array)
#4 /xiaosong/www/KeTi5/vendor/laravel/framework/src/Illuminate/Container/BoundMethod.php(75): Illuminate\Container\BoundMethod::Illuminate\Container\{closure}()
#5 /xiaosong/www/KeTi5/vendor/laravel/framework/src/Illuminate/Container/BoundMethod.php(31): Illuminate\Container\BoundMethod::callBoundMethod(Object(Illuminate\Foundation\Application), Object(Closure), Object(Closure))
#6 /xiaosong/www/KeTi5/vendor/laravel/framework/src/Illuminate/Container/Container.php(539): Illuminate\Container\BoundMethod::call(Object(Illuminate\Foundation\Application), Object(Closure), Array, NULL)
#7 /xiaosong/www/KeTi5/vendor/laravel/framework/src/Illuminate/Console/Scheduling/CallbackEvent.php(68): Illuminate\Container\Container->call(Object(Closure), Array)
#8 /xiaosong/www/KeTi5/vendor/laravel/framework/src/Illuminate/Console/Scheduling/ScheduleRunCommand.php(59): Illuminate\Console\Scheduling\CallbackEvent->run(Object(Illuminate\Foundation\Application))
#9 [internal function]: Illuminate\Console\Scheduling\ScheduleRunCommand->fire()
#10 /xiaosong/www/KeTi5/vendor/laravel/framework/src/Illuminate/Container/BoundMethod.php(29): call_user_func_array(Array, Array)
#11 /xiaosong/www/KeTi5/vendor/laravel/framework/src/Illuminate/Container/BoundMethod.php(87): Illuminate\Container\BoundMethod::Illuminate\Container\{closure}()
#12 /xiaosong/www/KeTi5/vendor/laravel/framework/src/Illuminate/Container/BoundMethod.php(31): Illuminate\Container\BoundMethod::callBoundMethod(Object(Illuminate\Foundation\Application), Array, Object(Closure))
#13 /xiaosong/www/KeTi5/vendor/laravel/framework/src/Illuminate/Container/Container.php(539): Illuminate\Container\BoundMethod::call(Object(Illuminate\Foundation\Application), Array, Array, NULL)
#14 /xiaosong/www/KeTi5/vendor/laravel/framework/src/Illuminate/Console/Command.php(182): Illuminate\Container\Container->call(Array)
#15 /xiaosong/www/KeTi5/vendor/symfony/console/Command/Command.php(255): Illuminate\Console\Command->execute(Object(Symfony\Component\Console\Input\ArgvInput), Object(Illuminate\Console\OutputStyle))
#16 /xiaosong/www/KeTi5/vendor/laravel/framework/src/Illuminate/Console/Command.php(167): Symfony\Component\Console\Command\Command->run(Object(Symfony\Component\Console\Input\ArgvInput), Object(Illuminate\Console\OutputStyle))
#17 /xiaosong/www/KeTi5/vendor/symfony/console/Application.php(992): Illuminate\Console\Command->run(Object(Symfony\Component\Console\Input\ArgvInput), Object(Symfony\Component\Console\Output\ConsoleOutput))
#18 /xiaosong/www/KeTi5/vendor/symfony/console/Application.php(255): Symfony\Component\Console\Application->doRunCommand(Object(Illuminate\Console\Scheduling\ScheduleRunCommand), Object(Symfony\Component\Console\Input\ArgvInput), Object(Symfony\Component\Console\Output\ConsoleOutput))
#19 /xiaosong/www/KeTi5/vendor/symfony/console/Application.php(148): Symfony\Component\Console\Application->doRun(Object(Symfony\Component\Console\Input\ArgvInput), Object(Symfony\Component\Console\Output\ConsoleOutput))
#20 /xiaosong/www/KeTi5/vendor/laravel/framework/src/Illuminate/Foundation/Console/Kernel.php(122): Symfony\Component\Console\Application->run(Object(Symfony\Component\Console\Input\ArgvInput), Object(Symfony\Component\Console\Output\ConsoleOutput))
#21 /xiaosong/www/KeTi5/artisan(35): Illuminate\Foundation\Console\Kernel->handle(Object(Symfony\Component\Console\Input\ArgvInput), Object(Symfony\Component\Console\Output\ConsoleOutput))
#22 {main}  
[2022-01-14 00:26:05] local.ERROR: ErrorException: file_get_contents(): php_network_getaddresses: getaddrinfo failed: Name or service not known in /xiaosong/www/KeTi5/app/Console/Kernel.php:75
Stack trace:
#0 [internal function]: Illuminate\Foundation\Bootstrap\HandleExceptions->handleError(2, 'file_get_conten...', '/xiaosong/www/K...', 75, Array)
#1 /xiaosong/www/KeTi5/app/Console/Kernel.php(75): file_get_contents('https://ezviz-f...')
#2 [internal function]: App\Console\Kernel->App\Console\{closure}()
#3 /xiaosong/www/KeTi5/vendor/laravel/framework/src/Illuminate/Container/BoundMethod.php(29): call_user_func_array(Object(Closure), Array)
#4 /xiaosong/www/KeTi5/vendor/laravel/framework/src/Illuminate/Container/BoundMethod.php(75): Illuminate\Container\BoundMethod::Illuminate\Container\{closure}()
#5 /xiaosong/www/KeTi5/vendor/laravel/framework/src/Illuminate/Container/BoundMethod.php(31): Illuminate\Container\BoundMethod::callBoundMethod(Object(Illuminate\Foundation\Application), Object(Closure), Object(Closure))
#6 /xiaosong/www/KeTi5/vendor/laravel/framework/src/Illuminate/Container/Container.php(539): Illuminate\Container\BoundMethod::call(Object(Illuminate\Foundation\Application), Object(Closure), Array, NULL)
#7 /xiaosong/www/KeTi5/vendor/laravel/framework/src/Illuminate/Console/Scheduling/CallbackEvent.php(68): Illuminate\Container\Container->call(Object(Closure), Array)
#8 /xiaosong/www/KeTi5/vendor/laravel/framework/src/Illuminate/Console/Scheduling/ScheduleRunCommand.php(59): Illuminate\Console\Scheduling\CallbackEvent->run(Object(Illuminate\Foundation\Application))
#9 [internal function]: Illuminate\Console\Scheduling\ScheduleRunCommand->fire()
#10 /xiaosong/www/KeTi5/vendor/laravel/framework/src/Illuminate/Container/BoundMethod.php(29): call_user_func_array(Array, Array)
#11 /xiaosong/www/KeTi5/vendor/laravel/framework/src/Illuminate/Container/BoundMethod.php(87): Illuminate\Container\BoundMethod::Illuminate\Container\{closure}()
#12 /xiaosong/www/KeTi5/vendor/laravel/framework/src/Illuminate/Container/BoundMethod.php(31): Illuminate\Container\BoundMethod::callBoundMethod(Object(Illuminate\Foundation\Application), Array, Object(Closure))
#13 /xiaosong/www/KeTi5/vendor/laravel/framework/src/Illuminate/Container/Container.php(539): Illuminate\Container\BoundMethod::call(Object(Illuminate\Foundation\Application), Array, Array, NULL)
#14 /xiaosong/www/KeTi5/vendor/laravel/framework/src/Illuminate/Console/Command.php(182): Illuminate\Container\Container->call(Array)
#15 /xiaosong/www/KeTi5/vendor/symfony/console/Command/Command.php(255): Illuminate\Console\Command->execute(Object(Symfony\Component\Console\Input\ArgvInput), Object(Illuminate\Console\OutputStyle))
#16 /xiaosong/www/KeTi5/vendor/laravel/framework/src/Illuminate/Console/Command.php(167): Symfony\Component\Console\Command\Command->run(Object(Symfony\Component\Console\Input\ArgvInput), Object(Illuminate\Console\OutputStyle))
#17 /xiaosong/www/KeTi5/vendor/symfony/console/Application.php(992): Illuminate\Console\Command->run(Object(Symfony\Component\Console\Input\ArgvInput), Object(Symfony\Component\Console\Output\ConsoleOutput))
#18 /xiaosong/www/KeTi5/vendor/symfony/console/Application.php(255): Symfony\Component\Console\Application->doRunCommand(Object(Illuminate\Console\Scheduling\ScheduleRunCommand), Object(Symfony\Component\Console\Input\ArgvInput), Object(Symfony\Component\Console\Output\ConsoleOutput))
#19 /xiaosong/www/KeTi5/vendor/symfony/console/Application.php(148): Symfony\Component\Console\Application->doRun(Object(Symfony\Component\Console\Input\ArgvInput), Object(Symfony\Component\Console\Output\ConsoleOutput))
#20 /xiaosong/www/KeTi5/vendor/laravel/framework/src/Illuminate/Foundation/Console/Kernel.php(122): Symfony\Component\Console\Application->run(Object(Symfony\Component\Console\Input\ArgvInput), Object(Symfony\Component\Console\Output\ConsoleOutput))
#21 /xiaosong/www/KeTi5/artisan(35): Illuminate\Foundation\Console\Kernel->handle(Object(Symfony\Component\Console\Input\ArgvInput), Object(Symfony\Component\Console\Output\ConsoleOutput))
#22 {main}  
[2022-01-14 00:26:13] local.ERROR: ErrorException: file_get_contents(): php_network_getaddresses: getaddrinfo failed: Name or service not known in /xiaosong/www/KeTi5/app/Console/Kernel.php:119
Stack trace:
#0 [internal function]: Illuminate\Foundation\Bootstrap\HandleExceptions->handleError(2, 'file_get_conten...', '/xiaosong/www/K...', 119, Array)
#1 /xiaosong/www/KeTi5/app/Console/Kernel.php(119): file_get_contents('https://ezviz-f...')
#2 [internal function]: App\Console\Kernel->App\Console\{closure}()
#3 /xiaosong/www/KeTi5/vendor/laravel/framework/src/Illuminate/Container/BoundMethod.php(29): call_user_func_array(Object(Closure), Array)
#4 /xiaosong/www/KeTi5/vendor/laravel/framework/src/Illuminate/Container/BoundMethod.php(75): Illuminate\Container\BoundMethod::Illuminate\Container\{closure}()
#5 /xiaosong/www/KeTi5/vendor/laravel/framework/src/Illuminate/Container/BoundMethod.php(31): Illuminate\Container\BoundMethod::callBoundMethod(Object(Illuminate\Foundation\Application), Object(Closure), Object(Closure))
#6 /xiaosong/www/KeTi5/vendor/laravel/framework/src/Illuminate/Container/Container.php(539): Illuminate\Container\BoundMethod::call(Object(Illuminate\Foundation\Application), Object(Closure), Array, NULL)
#7 /xiaosong/www/KeTi5/vendor/laravel/framework/src/Illuminate/Console/Scheduling/CallbackEvent.php(68): Illuminate\Container\Container->call(Object(Closure), Array)
#8 /xiaosong/www/KeTi5/vendor/laravel/framework/src/Illuminate/Console/Scheduling/ScheduleRunCommand.php(59): Illuminate\Console\Scheduling\CallbackEvent->run(Object(Illuminate\Foundation\Application))
#9 [internal function]: Illuminate\Console\Scheduling\ScheduleRunCommand->fire()
#10 /xiaosong/www/KeTi5/vendor/laravel/framework/src/Illuminate/Container/BoundMethod.php(29): call_user_func_array(Array, Array)
#11 /xiaosong/www/KeTi5/vendor/laravel/framework/src/Illuminate/Container/BoundMethod.php(87): Illuminate\Container\BoundMethod::Illuminate\Container\{closure}()
#12 /xiaosong/www/KeTi5/vendor/laravel/framework/src/Illuminate/Container/BoundMethod.php(31): Illuminate\Container\BoundMethod::callBoundMethod(Object(Illuminate\Foundation\Application), Array, Object(Closure))
#13 /xiaosong/www/KeTi5/vendor/laravel/framework/src/Illuminate/Container/Container.php(539): Illuminate\Container\BoundMethod::call(Object(Illuminate\Foundation\Application), Array, Array, NULL)
#14 /xiaosong/www/KeTi5/vendor/laravel/framework/src/Illuminate/Console/Command.php(182): Illuminate\Container\Container->call(Array)
#15 /xiaosong/www/KeTi5/vendor/symfony/console/Command/Command.php(255): Illuminate\Console\Command->execute(Object(Symfony\Component\Console\Input\ArgvInput), Object(Illuminate\Console\OutputStyle))
#16 /xiaosong/www/KeTi5/vendor/laravel/framework/src/Illuminate/Console/Command.php(167): Symfony\Component\Console\Command\Command->run(Object(Symfony\Component\Console\Input\ArgvInput), Object(Illuminate\Console\OutputStyle))
#17 /xiaosong/www/KeTi5/vendor/symfony/console/Application.php(992): Illuminate\Console\Command->run(Object(Symfony\Component\Console\Input\ArgvInput), Object(Symfony\Component\Console\Output\ConsoleOutput))
#18 /xiaosong/www/KeTi5/vendor/symfony/console/Application.php(255): Symfony\Component\Console\Application->doRunCommand(Object(Illuminate\Console\Scheduling\ScheduleRunCommand), Object(Symfony\Component\Console\Input\ArgvInput), Object(Symfony\Component\Console\Output\ConsoleOutput))
#19 /xiaosong/www/KeTi5/vendor/symfony/console/Application.php(148): Symfony\Component\Console\Application->doRun(Object(Symfony\Component\Console\Input\ArgvInput), Object(Symfony\Component\Console\Output\ConsoleOutput))
#20 /xiaosong/www/KeTi5/vendor/laravel/framework/src/Illuminate/Foundation/Console/Kernel.php(122): Symfony\Component\Console\Application->run(Object(Symfony\Component\Console\Input\ArgvInput), Object(Symfony\Component\Console\Output\ConsoleOutput))
#21 /xiaosong/www/KeTi5/artisan(35): Illuminate\Foundation\Console\Kernel->handle(Object(Symfony\Component\Console\Input\ArgvInput), Object(Symfony\Component\Console\Output\ConsoleOutput))
#22 {main}  
[2022-01-14 00:26:15] local.ERROR: ErrorException: file_get_contents(): php_network_getaddresses: getaddrinfo failed: Name or service not known in /xiaosong/www/KeTi5/app/Console/Kernel.php:163
Stack trace:
#0 [internal function]: Illuminate\Foundation\Bootstrap\HandleExceptions->handleError(2, 'file_get_conten...', '/xiaosong/www/K...', 163, Array)
#1 /xiaosong/www/KeTi5/app/Console/Kernel.php(163): file_get_contents('https://ezviz-f...')
#2 [internal function]: App\Console\Kernel->App\Console\{closure}()
#3 /xiaosong/www/KeTi5/vendor/laravel/framework/src/Illuminate/Container/BoundMethod.php(29): call_user_func_array(Object(Closure), Array)
#4 /xiaosong/www/KeTi5/vendor/laravel/framework/src/Illuminate/Container/BoundMethod.php(75): Illuminate\Container\BoundMethod::Illuminate\Container\{closure}()
#5 /xiaosong/www/KeTi5/vendor/laravel/framework/src/Illuminate/Container/BoundMethod.php(31): Illuminate\Container\BoundMethod::callBoundMethod(Object(Illuminate\Foundation\Application), Object(Closure), Object(Closure))
#6 /xiaosong/www/KeTi5/vendor/laravel/framework/src/Illuminate/Container/Container.php(539): Illuminate\Container\BoundMethod::call(Object(Illuminate\Foundation\Application), Object(Closure), Array, NULL)
#7 /xiaosong/www/KeTi5/vendor/laravel/framework/src/Illuminate/Console/Scheduling/CallbackEvent.php(68): Illuminate\Container\Container->call(Object(Closure), Array)
#8 /xiaosong/www/KeTi5/vendor/laravel/framework/src/Illuminate/Console/Scheduling/ScheduleRunCommand.php(59): Illuminate\Console\Scheduling\CallbackEvent->run(Object(Illuminate\Foundation\Application))
#9 [internal function]: Illuminate\Console\Scheduling\ScheduleRunCommand->fire()
#10 /xiaosong/www/KeTi5/vendor/laravel/framework/src/Illuminate/Container/BoundMethod.php(29): call_user_func_array(Array, Array)
#11 /xiaosong/www/KeTi5/vendor/laravel/framework/src/Illuminate/Container/BoundMethod.php(87): Illuminate\Container\BoundMethod::Illuminate\Container\{closure}()
#12 /xiaosong/www/KeTi5/vendor/laravel/framework/src/Illuminate/Container/BoundMethod.php(31): Illuminate\Container\BoundMethod::callBoundMethod(Object(Illuminate\Foundation\Application), Array, Object(Closure))
#13 /xiaosong/www/KeTi5/vendor/laravel/framework/src/Illuminate/Container/Container.php(539): Illuminate\Container\BoundMethod::call(Object(Illuminate\Foundation\Application), Array, Array, NULL)
#14 /xiaosong/www/KeTi5/vendor/laravel/framework/src/Illuminate/Console/Command.php(182): Illuminate\Container\Container->call(Array)
#15 /xiaosong/www/KeTi5/vendor/symfony/console/Command/Command.php(255): Illuminate\Console\Command->execute(Object(Symfony\Component\Console\Input\ArgvInput), Object(Illuminate\Console\OutputStyle))
#16 /xiaosong/www/KeTi5/vendor/laravel/framework/src/Illuminate/Console/Command.php(167): Symfony\Component\Console\Command\Command->run(Object(Symfony\Component\Console\Input\ArgvInput), Object(Illuminate\Console\OutputStyle))
#17 /xiaosong/www/KeTi5/vendor/symfony/console/Application.php(992): Illuminate\Console\Command->run(Object(Symfony\Component\Console\Input\ArgvInput), Object(Symfony\Component\Console\Output\ConsoleOutput))
#18 /xiaosong/www/KeTi5/vendor/symfony/console/Application.php(255): Symfony\Component\Console\Application->doRunCommand(Object(Illuminate\Console\Scheduling\ScheduleRunCommand), Object(Symfony\Component\Console\Input\ArgvInput), Object(Symfony\Component\Console\Output\ConsoleOutput))
#19 /xiaosong/www/KeTi5/vendor/symfony/console/Application.php(148): Symfony\Component\Console\Application->doRun(Object(Symfony\Component\Console\Input\ArgvInput), Object(Symfony\Component\Console\Output\ConsoleOutput))
#20 /xiaosong/www/KeTi5/vendor/laravel/framework/src/Illuminate/Foundation/Console/Kernel.php(122): Symfony\Component\Console\Application->run(Object(Symfony\Component\Console\Input\ArgvInput), Object(Symfony\Component\Console\Output\ConsoleOutput))
#21 /xiaosong/www/KeTi5/artisan(35): Illuminate\Foundation\Console\Kernel->handle(Object(Symfony\Component\Console\Input\ArgvInput), Object(Symfony\Component\Console\Output\ConsoleOutput))
#22 {main}  
[2022-01-14 00:26:21] local.ERROR: ErrorException: file_get_contents(): php_network_getaddresses: getaddrinfo failed: Name or service not known in /xiaosong/www/KeTi5/app/Console/Kernel.php:75
Stack trace:
#0 [internal function]: Illuminate\Foundation\Bootstrap\HandleExceptions->handleError(2, 'file_get_conten...', '/xiaosong/www/K...', 75, Array)
#1 /xiaosong/www/KeTi5/app/Console/Kernel.php(75): file_get_contents('https://ezviz-f...')
#2 [internal function]: App\Console\Kernel->App\Console\{closure}()
#3 /xiaosong/www/KeTi5/vendor/laravel/framework/src/Illuminate/Container/BoundMethod.php(29): call_user_func_array(Object(Closure), Array)
#4 /xiaosong/www/KeTi5/vendor/laravel/framework/src/Illuminate/Container/BoundMethod.php(75): Illuminate\Container\BoundMethod::Illuminate\Container\{closure}()
#5 /xiaosong/www/KeTi5/vendor/laravel/framework/src/Illuminate/Container/BoundMethod.php(31): Illuminate\Container\BoundMethod::callBoundMethod(Object(Illuminate\Foundation\Application), Object(Closure), Object(Closure))
#6 /xiaosong/www/KeTi5/vendor/laravel/framework/src/Illuminate/Container/Container.php(539): Illuminate\Container\BoundMethod::call(Object(Illuminate\Foundation\Application), Object(Closure), Array, NULL)
#7 /xiaosong/www/KeTi5/vendor/laravel/framework/src/Illuminate/Console/Scheduling/CallbackEvent.php(68): Illuminate\Container\Container->call(Object(Closure), Array)
#8 /xiaosong/www/KeTi5/vendor/laravel/framework/src/Illuminate/Console/Scheduling/ScheduleRunCommand.php(59): Illuminate\Console\Scheduling\CallbackEvent->run(Object(Illuminate\Foundation\Application))
#9 [internal function]: Illuminate\Console\Scheduling\ScheduleRunCommand->fire()
#10 /xiaosong/www/KeTi5/vendor/laravel/framework/src/Illuminate/Container/BoundMethod.php(29): call_user_func_array(Array, Array)
#11 /xiaosong/www/KeTi5/vendor/laravel/framework/src/Illuminate/Container/BoundMethod.php(87): Illuminate\Container\BoundMethod::Illuminate\Container\{closure}()
#12 /xiaosong/www/KeTi5/vendor/laravel/framework/src/Illuminate/Container/BoundMethod.php(31): Illuminate\Container\BoundMethod::callBoundMethod(Object(Illuminate\Foundation\Application), Array, Object(Closure))
#13 /xiaosong/www/KeTi5/vendor/laravel/framework/src/Illuminate/Container/Container.php(539): Illuminate\Container\BoundMethod::call(Object(Illuminate\Foundation\Application), Array, Array, NULL)
#14 /xiaosong/www/KeTi5/vendor/laravel/framework/src/Illuminate/Console/Command.php(182): Illuminate\Container\Container->call(Array)
#15 /xiaosong/www/KeTi5/vendor/symfony/console/Command/Command.php(255): Illuminate\Console\Command->execute(Object(Symfony\Component\Console\Input\ArgvInput), Object(Illuminate\Console\OutputStyle))
#16 /xiaosong/www/KeTi5/vendor/laravel/framework/src/Illuminate/Console/Command.php(167): Symfony\Component\Console\Command\Command->run(Object(Symfony\Component\Console\Input\ArgvInput), Object(Illuminate\Console\OutputStyle))
#17 /xiaosong/www/KeTi5/vendor/symfony/console/Application.php(992): Illuminate\Console\Command->run(Object(Symfony\Component\Console\Input\ArgvInput), Object(Symfony\Component\Console\Output\ConsoleOutput))
#18 /xiaosong/www/KeTi5/vendor/symfony/console/Application.php(255): Symfony\Component\Console\Application->doRunCommand(Object(Illuminate\Console\Scheduling\ScheduleRunCommand), Object(Symfony\Component\Console\Input\ArgvInput), Object(Symfony\Component\Console\Output\ConsoleOutput))
#19 /xiaosong/www/KeTi5/vendor/symfony/console/Application.php(148): Symfony\Component\Console\Application->doRun(Object(Symfony\Component\Console\Input\ArgvInput), Object(Symfony\Component\Console\Output\ConsoleOutput))
#20 /xiaosong/www/KeTi5/vendor/laravel/framework/src/Illuminate/Foundation/Console/Kernel.php(122): Symfony\Component\Console\Application->run(Object(Symfony\Component\Console\Input\ArgvInput), Object(Symfony\Component\Console\Output\ConsoleOutput))
#21 /xiaosong/www/KeTi5/artisan(35): Illuminate\Foundation\Console\Kernel->handle(Object(Symfony\Component\Console\Input\ArgvInput), Object(Symfony\Component\Console\Output\ConsoleOutput))
#22 {main}  
[2022-01-14 01:11:22] local.ERROR: ErrorException: file_get_contents(): php_network_getaddresses: getaddrinfo failed: Name or service not known in /xiaosong/www/KeTi5/app/Console/Kernel.php:163
Stack trace:
#0 [internal function]: Illuminate\Foundation\Bootstrap\HandleExceptions->handleError(2, 'file_get_conten...', '/xiaosong/www/K...', 163, Array)
#1 /xiaosong/www/KeTi5/app/Console/Kernel.php(163): file_get_contents('https://ezviz-f...')
#2 [internal function]: App\Console\Kernel->App\Console\{closure}()
#3 /xiaosong/www/KeTi5/vendor/laravel/framework/src/Illuminate/Container/BoundMethod.php(29): call_user_func_array(Object(Closure), Array)
#4 /xiaosong/www/KeTi5/vendor/laravel/framework/src/Illuminate/Container/BoundMethod.php(75): Illuminate\Container\BoundMethod::Illuminate\Container\{closure}()
#5 /xiaosong/www/KeTi5/vendor/laravel/framework/src/Illuminate/Container/BoundMethod.php(31): Illuminate\Container\BoundMethod::callBoundMethod(Object(Illuminate\Foundation\Application), Object(Closure), Object(Closure))
#6 /xiaosong/www/KeTi5/vendor/laravel/framework/src/Illuminate/Container/Container.php(539): Illuminate\Container\BoundMethod::call(Object(Illuminate\Foundation\Application), Object(Closure), Array, NULL)
#7 /xiaosong/www/KeTi5/vendor/laravel/framework/src/Illuminate/Console/Scheduling/CallbackEvent.php(68): Illuminate\Container\Container->call(Object(Closure), Array)
#8 /xiaosong/www/KeTi5/vendor/laravel/framework/src/Illuminate/Console/Scheduling/ScheduleRunCommand.php(59): Illuminate\Console\Scheduling\CallbackEvent->run(Object(Illuminate\Foundation\Application))
#9 [internal function]: Illuminate\Console\Scheduling\ScheduleRunCommand->fire()
#10 /xiaosong/www/KeTi5/vendor/laravel/framework/src/Illuminate/Container/BoundMethod.php(29): call_user_func_array(Array, Array)
#11 /xiaosong/www/KeTi5/vendor/laravel/framework/src/Illuminate/Container/BoundMethod.php(87): Illuminate\Container\BoundMethod::Illuminate\Container\{closure}()
#12 /xiaosong/www/KeTi5/vendor/laravel/framework/src/Illuminate/Container/BoundMethod.php(31): Illuminate\Container\BoundMethod::callBoundMethod(Object(Illuminate\Foundation\Application), Array, Object(Closure))
#13 /xiaosong/www/KeTi5/vendor/laravel/framework/src/Illuminate/Container/Container.php(539): Illuminate\Container\BoundMethod::call(Object(Illuminate\Foundation\Application), Array, Array, NULL)
#14 /xiaosong/www/KeTi5/vendor/laravel/framework/src/Illuminate/Console/Command.php(182): Illuminate\Container\Container->call(Array)
#15 /xiaosong/www/KeTi5/vendor/symfony/console/Command/Command.php(255): Illuminate\Console\Command->execute(Object(Symfony\Component\Console\Input\ArgvInput), Object(Illuminate\Console\OutputStyle))
#16 /xiaosong/www/KeTi5/vendor/laravel/framework/src/Illuminate/Console/Command.php(167): Symfony\Component\Console\Command\Command->run(Object(Symfony\Component\Console\Input\ArgvInput), Object(Illuminate\Console\OutputStyle))
#17 /xiaosong/www/KeTi5/vendor/symfony/console/Application.php(992): Illuminate\Console\Command->run(Object(Symfony\Component\Console\Input\ArgvInput), Object(Symfony\Component\Console\Output\ConsoleOutput))
#18 /xiaosong/www/KeTi5/vendor/symfony/console/Application.php(255): Symfony\Component\Console\Application->doRunCommand(Object(Illuminate\Console\Scheduling\ScheduleRunCommand), Object(Symfony\Component\Console\Input\ArgvInput), Object(Symfony\Component\Console\Output\ConsoleOutput))
#19 /xiaosong/www/KeTi5/vendor/symfony/console/Application.php(148): Symfony\Component\Console\Application->doRun(Object(Symfony\Component\Console\Input\ArgvInput), Object(Symfony\Component\Console\Output\ConsoleOutput))
#20 /xiaosong/www/KeTi5/vendor/laravel/framework/src/Illuminate/Foundation/Console/Kernel.php(122): Symfony\Component\Console\Application->run(Object(Symfony\Component\Console\Input\ArgvInput), Object(Symfony\Component\Console\Output\ConsoleOutput))
#21 /xiaosong/www/KeTi5/artisan(35): Illuminate\Foundation\Console\Kernel->handle(Object(Symfony\Component\Console\Input\ArgvInput), Object(Symfony\Component\Console\Output\ConsoleOutput))
#22 {main}  
[2022-01-14 01:11:22] local.ERROR: ErrorException: file_get_contents(): php_network_getaddresses: getaddrinfo failed: Name or service not known in /xiaosong/www/KeTi5/app/Console/Kernel.php:163
Stack trace:
#0 [internal function]: Illuminate\Foundation\Bootstrap\HandleExceptions->handleError(2, 'file_get_conten...', '/xiaosong/www/K...', 163, Array)
#1 /xiaosong/www/KeTi5/app/Console/Kernel.php(163): file_get_contents('https://ezviz-f...')
#2 [internal function]: App\Console\Kernel->App\Console\{closure}()
#3 /xiaosong/www/KeTi5/vendor/laravel/framework/src/Illuminate/Container/BoundMethod.php(29): call_user_func_array(Object(Closure), Array)
#4 /xiaosong/www/KeTi5/vendor/laravel/framework/src/Illuminate/Container/BoundMethod.php(75): Illuminate\Container\BoundMethod::Illuminate\Container\{closure}()
#5 /xiaosong/www/KeTi5/vendor/laravel/framework/src/Illuminate/Container/BoundMethod.php(31): Illuminate\Container\BoundMethod::callBoundMethod(Object(Illuminate\Foundation\Application), Object(Closure), Object(Closure))
#6 /xiaosong/www/KeTi5/vendor/laravel/framework/src/Illuminate/Container/Container.php(539): Illuminate\Container\BoundMethod::call(Object(Illuminate\Foundation\Application), Object(Closure), Array, NULL)
#7 /xiaosong/www/KeTi5/vendor/laravel/framework/src/Illuminate/Console/Scheduling/CallbackEvent.php(68): Illuminate\Container\Container->call(Object(Closure), Array)
#8 /xiaosong/www/KeTi5/vendor/laravel/framework/src/Illuminate/Console/Scheduling/ScheduleRunCommand.php(59): Illuminate\Console\Scheduling\CallbackEvent->run(Object(Illuminate\Foundation\Application))
#9 [internal function]: Illuminate\Console\Scheduling\ScheduleRunCommand->fire()
#10 /xiaosong/www/KeTi5/vendor/laravel/framework/src/Illuminate/Container/BoundMethod.php(29): call_user_func_array(Array, Array)
#11 /xiaosong/www/KeTi5/vendor/laravel/framework/src/Illuminate/Container/BoundMethod.php(87): Illuminate\Container\BoundMethod::Illuminate\Container\{closure}()
#12 /xiaosong/www/KeTi5/vendor/laravel/framework/src/Illuminate/Container/BoundMethod.php(31): Illuminate\Container\BoundMethod::callBoundMethod(Object(Illuminate\Foundation\Application), Array, Object(Closure))
#13 /xiaosong/www/KeTi5/vendor/laravel/framework/src/Illuminate/Container/Container.php(539): Illuminate\Container\BoundMethod::call(Object(Illuminate\Foundation\Application), Array, Array, NULL)
#14 /xiaosong/www/KeTi5/vendor/laravel/framework/src/Illuminate/Console/Command.php(182): Illuminate\Container\Container->call(Array)
#15 /xiaosong/www/KeTi5/vendor/symfony/console/Command/Command.php(255): Illuminate\Console\Command->execute(Object(Symfony\Component\Console\Input\ArgvInput), Object(Illuminate\Console\OutputStyle))
#16 /xiaosong/www/KeTi5/vendor/laravel/framework/src/Illuminate/Console/Command.php(167): Symfony\Component\Console\Command\Command->run(Object(Symfony\Component\Console\Input\ArgvInput), Object(Illuminate\Console\OutputStyle))
#17 /xiaosong/www/KeTi5/vendor/symfony/console/Application.php(992): Illuminate\Console\Command->run(Object(Symfony\Component\Console\Input\ArgvInput), Object(Symfony\Component\Console\Output\ConsoleOutput))
#18 /xiaosong/www/KeTi5/vendor/symfony/console/Application.php(255): Symfony\Component\Console\Application->doRunCommand(Object(Illuminate\Console\Scheduling\ScheduleRunCommand), Object(Symfony\Component\Console\Input\ArgvInput), Object(Symfony\Component\Console\Output\ConsoleOutput))
#19 /xiaosong/www/KeTi5/vendor/symfony/console/Application.php(148): Symfony\Component\Console\Application->doRun(Object(Symfony\Component\Console\Input\ArgvInput), Object(Symfony\Component\Console\Output\ConsoleOutput))
#20 /xiaosong/www/KeTi5/vendor/laravel/framework/src/Illuminate/Foundation/Console/Kernel.php(122): Symfony\Component\Console\Application->run(Object(Symfony\Component\Console\Input\ArgvInput), Object(Symfony\Component\Console\Output\ConsoleOutput))
#21 /xiaosong/www/KeTi5/artisan(35): Illuminate\Foundation\Console\Kernel->handle(Object(Symfony\Component\Console\Input\ArgvInput), Object(Symfony\Component\Console\Output\ConsoleOutput))
#22 {main}  
